<?xml version="1.0" encoding="UTF-8"?>
<!-- Generated by org.testng.reporters.JUnitXMLReporter -->
<testsuite hostname="C02T42NUG8WN" ignored="0" name="SampleTest" tests="5" failures="0" timestamp="21 Jun 2021 02:14:30 GMT" time="45.089" errors="0">
  <testcase name="validateLandingPage" time="0.068" classname="TestPackage.TestCases.LandingPageTests"/>
  <testcase name="validateSelectingAnyMovie" time="2.102" classname="TestPackage.TestCases.LandingPageTests"/>
  <testcase name="validateSearchingAnyMovie" time="7.255" classname="TestPackage.TestCases.LandingPageTests"/>
  <testcase name="validatePagination" time="2.122" classname="TestPackage.TestCases.LandingPageTests"/>
  <testcase name="validateDeletingMovie" time="7.572" classname="TestPackage.TestCases.LandingPageTests"/>
</testsuite> <!-- SampleTest -->
